<?xml version="1.0" encoding="UTF-8"?>
<!-- Generated by org.testng.reporters.JUnitXMLReporter -->
<testsuite ignored="0" hostname="lenovo" failures="0" tests="11" name="Test" time="50.79" errors="0" timestamp="2024-11-14T15:58:14 GST">
  <testcase classname="pagefactory.PfRegister" name="registerWithMandatoryyField" time="1.327"/>
  <testcase classname="pagefactory.PfRegister" name="registerWithAllFields" time="1.124"/>
  <testcase classname="pagefactory.PfRegister" name="registerWithoutFieldsDisplayMessages" time="0.752"/>
  <testcase classname="pagefactory.PfLogin" name="loginWithValidCredentials" time="0.827"/>
  <testcase classname="pagefactory.PfLogin" name="loginWithInValidCredentials" time="0.673"/>
  <testcase classname="pagefactory.PfLogin" name="loginWithInValidEmailValidPassword" time="0.665"/>
  <testcase classname="pagefactory.PfLogin" name="loginWithValidEmailInValidPassword" time="0.716"/>
  <testcase classname="pagefactory.PfLogin" name="loginWithOutAnyCredentials" time="0.517"/>
  <testcase classname="pagefactory.PfSearch" name="verifySearchForExistingProduct" time="0.547"/>
  <testcase classname="pagefactory.PfSearch" name="verifySearchForNonExistingProduct" time="0.337"/>
  <testcase classname="pagefactory.PfSearch" name="verifySearchWithOutProduct" time="0.247"/>
</testsuite> <!-- Test -->
