<?xml version="1.0" encoding="UTF-8"?>
<testng-results ignored="0" total="1" passed="1" failed="0" skipped="0">
  <reporter-output>
  </reporter-output>
  <suite started-at="2024-11-17T16:56:24 GST" name="Default suite" finished-at="2024-11-17T16:56:32 GST" duration-ms="8112">
    <groups>
    </groups>
    <test started-at="2024-11-17T16:56:24 GST" name="Default test" finished-at="2024-11-17T16:56:32 GST" duration-ms="8112">
      <class name="pagefactory.PfLogout">
        <test-method is-config="true" signature="setup()[pri:0, instance:pagefactory.PfLogout@54422e18]" started-at="2024-11-17T16:56:24 GST" name="setup" finished-at="2024-11-17T16:56:30 GST" duration-ms="6008" status="PASS">
          <reporter-output>
          </reporter-output>
        </test-method> <!-- setup -->
        <test-method signature="verifyLogoutFromMyAccountMenu()[pri:1, instance:pagefactory.PfLogout@54422e18]" started-at="2024-11-17T16:56:30 GST" name="verifyLogoutFromMyAccountMenu" finished-at="2024-11-17T16:56:31 GST" duration-ms="1838" status="PASS">
          <reporter-output>
          </reporter-output>
        </test-method> <!-- verifyLogoutFromMyAccountMenu -->
        <test-method is-config="true" signature="teardown()[pri:0, instance:pagefactory.PfLogout@54422e18]" started-at="2024-11-17T16:56:31 GST" name="teardown" finished-at="2024-11-17T16:56:32 GST" duration-ms="219" status="PASS">
          <reporter-output>
          </reporter-output>
        </test-method> <!-- teardown -->
      </class> <!-- pagefactory.PfLogout -->
    </test> <!-- Default test -->
  </suite> <!-- Default suite -->
</testng-results>
